Detecting compiler hash for triplet x64-windows...
Compiler found: C:/Program Files (x86)/Microsoft Visual Studio/18/BuildTools/VC/Tools/MSVC/14.50.35717/bin/Hostx64/x64/cl.exe
The following packages will be built and installed:
    curl[core,non-http,ssl,sspi]:x64-windows@8.18.0#1
    nlohmann-json:x64-windows@3.12.0#2
  * vcpkg-cmake:x64-windows@2024-04-23
  * vcpkg-cmake-config:x64-windows@2024-05-23
  * zlib:x64-windows@1.3.1
Additional packages (*) will be modified to complete this operation.
Restored 5 package(s) from C:\Users\310\AppData\Local\vcpkg\archives in 686 ms. Use --debug to see more details.
Installing 1/5 vcpkg-cmake:x64-windows@2024-04-23...
Elapsed time to handle vcpkg-cmake:x64-windows: 14.2 ms
vcpkg-cmake:x64-windows package ABI: b5eedd1f3e17a9cf37a26412571271c9835fd6636899166eb427b1b830fe6041
Installing 2/5 zlib:x64-windows@1.3.1...
Elapsed time to handle zlib:x64-windows: 44.2 ms
zlib:x64-windows package ABI: e765ddff11bdfe66039c200e58b0580bd2324cb1c9c9ffac3d013c8c9e5ca04c
Installing 3/5 vcpkg-cmake-config:x64-windows@2024-05-23...
Elapsed time to handle vcpkg-cmake-config:x64-windows: 18.5 ms
vcpkg-cmake-config:x64-windows package ABI: 717eae93ccf8293757df6733c2ec590a46932025ab5b35a5ac5d453942876b34
Installing 4/5 curl[core,non-http,ssl,sspi]:x64-windows@8.18.0#1...
Elapsed time to handle curl:x64-windows: 96.8 ms
curl:x64-windows package ABI: 443d9ec212a7c9ce42bdee40a82df9a8447df2e7e8f9b687f9ed175fd7716622
Installing 5/5 nlohmann-json:x64-windows@3.12.0#2...
Elapsed time to handle nlohmann-json:x64-windows: 94.9 ms
nlohmann-json:x64-windows package ABI: d08295e13858a8c1229720d97eb614bde3a025b3ac0b64277287781d9e9c1bbb
Installed contents are licensed to you by owners. Microsoft is not responsible for, nor does it grant any licenses to, third-party packages.
Packages installed in this vcpkg installation declare the following licenses:
BSD-3-Clause
ISC
MIT
Zlib
curl
curl is compatible with built-in CMake targets:

    find_package(CURL REQUIRED)
    target_link_libraries(main PRIVATE CURL::libcurl)

The package nlohmann-json provides CMake targets:

    find_package(nlohmann_json CONFIG REQUIRED)
    target_link_libraries(main PRIVATE nlohmann_json::nlohmann_json)

The package nlohmann-json can be configured to not provide implicit conversions via a custom triplet file:

    set(nlohmann-json_IMPLICIT_CONVERSIONS OFF)

For more information, see the docs here:
    
    https://json.nlohmann.me/api/macros/json_use_implicit_conversions/

All requested installations completed successfully in: 276 ms
